0 info it worked if it ends with ok
1 verbose cli [ '/usr/bin/node',
1 verbose cli   '/usr/bin/npm',
1 verbose cli   'install',
1 verbose cli   'papaparse',
1 verbose cli   '--global' ]
2 info using npm@3.5.2
3 info using node@v8.10.0
4 silly loadCurrentTree Starting
5 silly install loadCurrentTree
6 silly install readGlobalPackageData
7 silly fetchPackageMetaData papaparse
8 silly fetchNamedPackageData papaparse
9 silly mapToRegistry name papaparse
10 silly mapToRegistry using default registry
11 silly mapToRegistry registry https://registry.npmjs.org/
12 silly mapToRegistry uri https://registry.npmjs.org/papaparse
13 verbose get https://registry.npmjs.org/papaparse not expired, no request
14 silly install normalizeTree
15 silly loadCurrentTree Finishing
16 silly loadIdealTree Starting
17 silly install loadIdealTree
18 silly cloneCurrentTree Starting
19 silly install cloneCurrentTreeToIdealTree
20 silly cloneCurrentTree Finishing
21 silly loadShrinkwrap Starting
22 silly install loadShrinkwrap
23 silly loadShrinkwrap Finishing
24 silly loadAllDepsIntoIdealTree Starting
25 silly install loadAllDepsIntoIdealTree
26 silly resolveWithNewModule papaparse@5.2.0 checking installable status
27 silly cache add args [ 'papaparse', null ]
28 verbose cache add spec papaparse
29 silly cache add parsed spec Result {
29 silly cache add   raw: 'papaparse',
29 silly cache add   scope: null,
29 silly cache add   name: 'papaparse',
29 silly cache add   rawSpec: '',
29 silly cache add   spec: 'latest',
29 silly cache add   type: 'tag' }
30 silly addNamed papaparse@latest
31 verbose addNamed "latest" is being treated as a dist-tag for papaparse
32 info addNameTag [ 'papaparse', 'latest' ]
33 silly mapToRegistry name papaparse
34 silly mapToRegistry using default registry
35 silly mapToRegistry registry https://registry.npmjs.org/
36 silly mapToRegistry uri https://registry.npmjs.org/papaparse
37 verbose addNameTag registry:https://registry.npmjs.org/papaparse not in flight; fetching
38 verbose get https://registry.npmjs.org/papaparse not expired, no request
39 silly addNameTag next cb for papaparse with tag latest
40 silly addNamed papaparse@5.2.0
41 verbose addNamed "5.2.0" is a plain semver version for papaparse
42 silly cache afterAdd papaparse@5.2.0
43 verbose afterAdd /home/humza/.npm/papaparse/5.2.0/package/package.json not in flight; writing
44 verbose afterAdd /home/humza/.npm/papaparse/5.2.0/package/package.json written
45 silly loadAllDepsIntoIdealTree Finishing
46 silly idealTree:prePrune lib
46 silly idealTree:prePrune └── papaparse@5.2.0
47 silly loadIdealTree Finishing
48 silly currentTree lib
49 silly idealTree lib
49 silly idealTree └── papaparse@5.2.0
50 silly generateActionsToTake Starting
51 silly install generateActionsToTake
52 warn checkPermissions Missing write access to /usr/local/lib
53 silly rollbackFailedOptional Starting
54 silly rollbackFailedOptional Finishing
55 silly runTopLevelLifecycles Starting
56 silly runTopLevelLifecycles Finishing
57 silly install printInstalled
58 verbose stack Error: EACCES: permission denied, access '/usr/local/lib'
59 verbose cwd /home/humza/Documents/Coding
60 error Linux 5.4.0-42-generic
61 error argv "/usr/bin/node" "/usr/bin/npm" "install" "papaparse" "--global"
62 error node v8.10.0
63 error npm  v3.5.2
64 error path /usr/local/lib
65 error code EACCES
66 error errno -13
67 error syscall access
68 error Error: EACCES: permission denied, access '/usr/local/lib'
68 error  { Error: EACCES: permission denied, access '/usr/local/lib'
68 error   errno: -13,
68 error   code: 'EACCES',
68 error   syscall: 'access',
68 error   path: '/usr/local/lib' }
69 error Please try running this command again as root/Administrator.
70 verbose exit [ -13, true ]
